[02-Oct-2025 02:15:35 UTC] PHP Fatal error:  Uncaught Error: Undefined constant Elementor\Controls_Manager::NOTICE in E:\ProgramingWorkspace\WebWS\WPress\LocalSites\piano-nam-dinh\app\public\wp-content\themes\astra\inc\metabox\class-astra-elementor-editor-settings.php:509
Stack trace:
#0 E:\ProgramingWorkspace\WebWS\WPress\LocalSites\piano-nam-dinh\app\public\wp-includes\class-wp-hook.php(324): Astra_Elementor_Editor_Settings->register_document_controls(Object(Elementor\Core\DocumentTypes\Page))
#1 E:\ProgramingWorkspace\WebWS\WPress\LocalSites\piano-nam-dinh\app\public\wp-includes\class-wp-hook.php(348): WP_Hook->apply_filters(NULL, Array)
#2 E:\ProgramingWorkspace\WebWS\WPress\LocalSites\piano-nam-dinh\app\public\wp-includes\plugin.php(517): WP_Hook->do_action(Array)
#3 E:\ProgramingWorkspace\WebWS\WPress\LocalSites\piano-nam-dinh\app\public\wp-content\plugins\elementor\core\base\document.php(585): do_action('elementor/docum...', Object(Elementor\Core\DocumentTypes\Page))
#4 E:\ProgramingWorkspace\WebWS\WPress\LocalSites\piano-nam-dinh\app\public\wp-content\plugins\elementor\core\document-types\page-base.php(61): Elementor\Core\Base\Document->register_controls()
#5 E:\ProgramingWorkspace\WebWS\WPress\LocalSites\piano-nam-dinh\app\public\wp-content\plugins\elementor\includes\base\controls-stack.php(2205): Elementor\Core\DocumentTypes\PageBase->register_controls()
#6 E:\ProgramingWorkspace\WebWS\WPress\LocalSites\piano-nam-dinh\app\public\wp-content\plugins\elementor\includes\base\controls-stack.php(480): Elementor\Controls_Stack->init_controls()
#7 E:\ProgramingWorkspace\WebWS\WPress\LocalSites\piano-nam-dinh\app\public\wp-content\plugins\elementor\includes\base\controls-stack.php(286): Elementor\Controls_Stack->get_stack()
#8 E:\ProgramingWorkspace\WebWS\WPress\LocalSites\piano-nam-dinh\app\public\wp-content\plugins\elementor\core\settings\page\model.php(173): Elementor\Controls_Stack->get_controls()
#9 E:\ProgramingWorkspace\WebWS\WPress\LocalSites\piano-nam-dinh\app\public\wp-content\plugins\elementor\includes\base\controls-stack.php(2205): Elementor\Core\Settings\Page\Model->register_controls()
#10 E:\ProgramingWorkspace\WebWS\WPress\LocalSites\piano-nam-dinh\app\public\wp-content\plugins\elementor\includes\base\controls-stack.php(480): Elementor\Controls_Stack->init_controls()
#11 E:\ProgramingWorkspace\WebWS\WPress\LocalSites\piano-nam-dinh\app\public\wp-content\plugins\elementor\includes\base\controls-stack.php(777): Elementor\Controls_Stack->get_stack()
#12 E:\ProgramingWorkspace\WebWS\WPress\LocalSites\piano-nam-dinh\app\public\wp-content\plugins\elementor\core\settings\manager.php(152): Elementor\Controls_Stack->get_tabs_controls()
#13 E:\ProgramingWorkspace\WebWS\WPress\LocalSites\piano-nam-dinh\app\public\wp-content\plugins\elementor\core\editor\editor.php(516): Elementor\Core\Settings\Manager::get_settings_managers_config()
#14 E:\ProgramingWorkspace\WebWS\WPress\LocalSites\piano-nam-dinh\app\public\wp-includes\class-wp-hook.php(324): Elementor\Core\Editor\Editor->enqueue_scripts('')
#15 E:\ProgramingWorkspace\WebWS\WPress\LocalSites\piano-nam-dinh\app\public\wp-includes\class-wp-hook.php(348): WP_Hook->apply_filters('', Array)
#16 E:\ProgramingWorkspace\WebWS\WPress\LocalSites\piano-nam-dinh\app\public\wp-includes\plugin.php(517): WP_Hook->do_action(Array)
#17 E:\ProgramingWorkspace\WebWS\WPress\LocalSites\piano-nam-dinh\app\public\wp-includes\script-loader.php(2299): do_action('wp_enqueue_scri...')
#18 E:\ProgramingWorkspace\WebWS\WPress\LocalSites\piano-nam-dinh\app\public\wp-includes\class-wp-hook.php(324): wp_enqueue_scripts('')
#19 E:\ProgramingWorkspace\WebWS\WPress\LocalSites\piano-nam-dinh\app\public\wp-includes\class-wp-hook.php(348): WP_Hook->apply_filters('', Array)
#20 E:\ProgramingWorkspace\WebWS\WPress\LocalSites\piano-nam-dinh\app\public\wp-includes\plugin.php(517): WP_Hook->do_action(Array)
#21 E:\ProgramingWorkspace\WebWS\WPress\LocalSites\piano-nam-dinh\app\public\wp-includes\general-template.php(3192): do_action('wp_head')
#22 E:\ProgramingWorkspace\WebWS\WPress\LocalSites\piano-nam-dinh\app\public\wp-content\plugins\elementor\includes\editor-templates\editor-wrapper.php(31): wp_head()
#23 E:\ProgramingWorkspace\WebWS\WPress\LocalSites\piano-nam-dinh\app\public\wp-content\plugins\elementor\core\editor\editor.php(323): include('E:\\ProgramingWo...')
#24 E:\ProgramingWorkspace\WebWS\WPress\LocalSites\piano-nam-dinh\app\public\wp-content\plugins\elementor\core\editor\editor.php(164): Elementor\Core\Editor\Editor->print_editor_template()
#25 E:\ProgramingWorkspace\WebWS\WPress\LocalSites\piano-nam-dinh\app\public\wp-includes\class-wp-hook.php(324): Elementor\Core\Editor\Editor->init('')
#26 E:\ProgramingWorkspace\WebWS\WPress\LocalSites\piano-nam-dinh\app\public\wp-includes\class-wp-hook.php(348): WP_Hook->apply_filters('', Array)
#27 E:\ProgramingWorkspace\WebWS\WPress\LocalSites\piano-nam-dinh\app\public\wp-includes\plugin.php(517): WP_Hook->do_action(Array)
#28 E:\ProgramingWorkspace\WebWS\WPress\LocalSites\piano-nam-dinh\app\public\wp-admin\admin.php(420): do_action('admin_action_el...')
#29 E:\ProgramingWorkspace\WebWS\WPress\LocalSites\piano-nam-dinh\app\public\wp-admin\post.php(12): require_once('E:\\ProgramingWo...')
#30 {main}
  thrown in E:\ProgramingWorkspace\WebWS\WPress\LocalSites\piano-nam-dinh\app\public\wp-content\themes\astra\inc\metabox\class-astra-elementor-editor-settings.php on line 509
[02-Oct-2025 02:15:35 UTC] PHP Warning:  Trying to access array offset on value of type bool in E:\ProgramingWorkspace\WebWS\WPress\LocalSites\piano-nam-dinh\app\public\wp-includes\class-wp-recovery-mode-email-service.php on line 367
[02-Oct-2025 02:15:35 UTC] PHP Warning:  Trying to access array offset on value of type bool in E:\ProgramingWorkspace\WebWS\WPress\LocalSites\piano-nam-dinh\app\public\wp-includes\class-wp-recovery-mode-email-service.php on line 368
[02-Oct-2025 02:16:39 UTC] PHP Fatal error:  Uncaught Error: Undefined constant Elementor\Controls_Manager::NOTICE in E:\ProgramingWorkspace\WebWS\WPress\LocalSites\piano-nam-dinh\app\public\wp-content\themes\astra\inc\metabox\class-astra-elementor-editor-settings.php:509
Stack trace:
#0 E:\ProgramingWorkspace\WebWS\WPress\LocalSites\piano-nam-dinh\app\public\wp-includes\class-wp-hook.php(324): Astra_Elementor_Editor_Settings->register_document_controls(Object(Elementor\Core\DocumentTypes\Post))
#1 E:\ProgramingWorkspace\WebWS\WPress\LocalSites\piano-nam-dinh\app\public\wp-includes\class-wp-hook.php(348): WP_Hook->apply_filters(NULL, Array)
#2 E:\ProgramingWorkspace\WebWS\WPress\LocalSites\piano-nam-dinh\app\public\wp-includes\plugin.php(517): WP_Hook->do_action(Array)
#3 E:\ProgramingWorkspace\WebWS\WPress\LocalSites\piano-nam-dinh\app\public\wp-content\plugins\elementor\core\base\document.php(585): do_action('elementor/docum...', Object(Elementor\Core\DocumentTypes\Post))
#4 E:\ProgramingWorkspace\WebWS\WPress\LocalSites\piano-nam-dinh\app\public\wp-content\plugins\elementor\core\document-types\page-base.php(61): Elementor\Core\Base\Document->register_controls()
#5 E:\ProgramingWorkspace\WebWS\WPress\LocalSites\piano-nam-dinh\app\public\wp-content\plugins\elementor\includes\base\controls-stack.php(2205): Elementor\Core\DocumentTypes\PageBase->register_controls()
#6 E:\ProgramingWorkspace\WebWS\WPress\LocalSites\piano-nam-dinh\app\public\wp-content\plugins\elementor\includes\base\controls-stack.php(480): Elementor\Controls_Stack->init_controls()
#7 E:\ProgramingWorkspace\WebWS\WPress\LocalSites\piano-nam-dinh\app\public\wp-content\plugins\elementor\includes\base\controls-stack.php(286): Elementor\Controls_Stack->get_stack()
#8 E:\ProgramingWorkspace\WebWS\WPress\LocalSites\piano-nam-dinh\app\public\wp-content\plugins\elementor\core\settings\page\model.php(173): Elementor\Controls_Stack->get_controls()
#9 E:\ProgramingWorkspace\WebWS\WPress\LocalSites\piano-nam-dinh\app\public\wp-content\plugins\elementor\includes\base\controls-stack.php(2205): Elementor\Core\Settings\Page\Model->register_controls()
#10 E:\ProgramingWorkspace\WebWS\WPress\LocalSites\piano-nam-dinh\app\public\wp-content\plugins\elementor\includes\base\controls-stack.php(480): Elementor\Controls_Stack->init_controls()
#11 E:\ProgramingWorkspace\WebWS\WPress\LocalSites\piano-nam-dinh\app\public\wp-content\plugins\elementor\includes\base\controls-stack.php(777): Elementor\Controls_Stack->get_stack()
#12 E:\ProgramingWorkspace\WebWS\WPress\LocalSites\piano-nam-dinh\app\public\wp-content\plugins\elementor\core\settings\manager.php(152): Elementor\Controls_Stack->get_tabs_controls()
#13 E:\ProgramingWorkspace\WebWS\WPress\LocalSites\piano-nam-dinh\app\public\wp-content\plugins\elementor\core\editor\editor.php(516): Elementor\Core\Settings\Manager::get_settings_managers_config()
#14 E:\ProgramingWorkspace\WebWS\WPress\LocalSites\piano-nam-dinh\app\public\wp-includes\class-wp-hook.php(324): Elementor\Core\Editor\Editor->enqueue_scripts('')
#15 E:\ProgramingWorkspace\WebWS\WPress\LocalSites\piano-nam-dinh\app\public\wp-includes\class-wp-hook.php(348): WP_Hook->apply_filters('', Array)
#16 E:\ProgramingWorkspace\WebWS\WPress\LocalSites\piano-nam-dinh\app\public\wp-includes\plugin.php(517): WP_Hook->do_action(Array)
#17 E:\ProgramingWorkspace\WebWS\WPress\LocalSites\piano-nam-dinh\app\public\wp-includes\script-loader.php(2299): do_action('wp_enqueue_scri...')
#18 E:\ProgramingWorkspace\WebWS\WPress\LocalSites\piano-nam-dinh\app\public\wp-includes\class-wp-hook.php(324): wp_enqueue_scripts('')
#19 E:\ProgramingWorkspace\WebWS\WPress\LocalSites\piano-nam-dinh\app\public\wp-includes\class-wp-hook.php(348): WP_Hook->apply_filters('', Array)
#20 E:\ProgramingWorkspace\WebWS\WPress\LocalSites\piano-nam-dinh\app\public\wp-includes\plugin.php(517): WP_Hook->do_action(Array)
#21 E:\ProgramingWorkspace\WebWS\WPress\LocalSites\piano-nam-dinh\app\public\wp-includes\general-template.php(3192): do_action('wp_head')
#22 E:\ProgramingWorkspace\WebWS\WPress\LocalSites\piano-nam-dinh\app\public\wp-content\plugins\elementor\includes\editor-templates\editor-wrapper.php(31): wp_head()
#23 E:\ProgramingWorkspace\WebWS\WPress\LocalSites\piano-nam-dinh\app\public\wp-content\plugins\elementor\core\editor\editor.php(323): include('E:\\ProgramingWo...')
#24 E:\ProgramingWorkspace\WebWS\WPress\LocalSites\piano-nam-dinh\app\public\wp-content\plugins\elementor\core\editor\editor.php(164): Elementor\Core\Editor\Editor->print_editor_template()
#25 E:\ProgramingWorkspace\WebWS\WPress\LocalSites\piano-nam-dinh\app\public\wp-includes\class-wp-hook.php(324): Elementor\Core\Editor\Editor->init('')
#26 E:\ProgramingWorkspace\WebWS\WPress\LocalSites\piano-nam-dinh\app\public\wp-includes\class-wp-hook.php(348): WP_Hook->apply_filters('', Array)
#27 E:\ProgramingWorkspace\WebWS\WPress\LocalSites\piano-nam-dinh\app\public\wp-includes\plugin.php(517): WP_Hook->do_action(Array)
#28 E:\ProgramingWorkspace\WebWS\WPress\LocalSites\piano-nam-dinh\app\public\wp-admin\admin.php(420): do_action('admin_action_el...')
#29 E:\ProgramingWorkspace\WebWS\WPress\LocalSites\piano-nam-dinh\app\public\wp-admin\post.php(12): require_once('E:\\ProgramingWo...')
#30 {main}
  thrown in E:\ProgramingWorkspace\WebWS\WPress\LocalSites\piano-nam-dinh\app\public\wp-content\themes\astra\inc\metabox\class-astra-elementor-editor-settings.php on line 509
[02-Oct-2025 02:23:43 UTC] PHP Fatal error:  Uncaught Error: Undefined constant Elementor\Controls_Manager::NOTICE in E:\ProgramingWorkspace\WebWS\WPress\LocalSites\piano-nam-dinh\app\public\wp-content\themes\astra\inc\metabox\class-astra-elementor-editor-settings.php:509
Stack trace:
#0 E:\ProgramingWorkspace\WebWS\WPress\LocalSites\piano-nam-dinh\app\public\wp-includes\class-wp-hook.php(324): Astra_Elementor_Editor_Settings->register_document_controls(Object(Elementor\Core\DocumentTypes\Post))
#1 E:\ProgramingWorkspace\WebWS\WPress\LocalSites\piano-nam-dinh\app\public\wp-includes\class-wp-hook.php(348): WP_Hook->apply_filters(NULL, Array)
#2 E:\ProgramingWorkspace\WebWS\WPress\LocalSites\piano-nam-dinh\app\public\wp-includes\plugin.php(517): WP_Hook->do_action(Array)
#3 E:\ProgramingWorkspace\WebWS\WPress\LocalSites\piano-nam-dinh\app\public\wp-content\plugins\elementor\core\base\document.php(568): do_action('elementor/docum...', Object(Elementor\Core\DocumentTypes\Post))
#4 E:\ProgramingWorkspace\WebWS\WPress\LocalSites\piano-nam-dinh\app\public\wp-content\plugins\elementor\core\document-types\page-base.php(61): Elementor\Core\Base\Document->register_controls()
#5 E:\ProgramingWorkspace\WebWS\WPress\LocalSites\piano-nam-dinh\app\public\wp-content\plugins\elementor\includes\base\controls-stack.php(2200): Elementor\Core\DocumentTypes\PageBase->register_controls()
#6 E:\ProgramingWorkspace\WebWS\WPress\LocalSites\piano-nam-dinh\app\public\wp-content\plugins\elementor\includes\base\controls-stack.php(480): Elementor\Controls_Stack->init_controls()
#7 E:\ProgramingWorkspace\WebWS\WPress\LocalSites\piano-nam-dinh\app\public\wp-content\plugins\elementor\includes\base\controls-stack.php(286): Elementor\Controls_Stack->get_stack()
#8 E:\ProgramingWorkspace\WebWS\WPress\LocalSites\piano-nam-dinh\app\public\wp-content\plugins\elementor\core\settings\page\model.php(173): Elementor\Controls_Stack->get_controls()
#9 E:\ProgramingWorkspace\WebWS\WPress\LocalSites\piano-nam-dinh\app\public\wp-content\plugins\elementor\includes\base\controls-stack.php(2200): Elementor\Core\Settings\Page\Model->register_controls()
#10 E:\ProgramingWorkspace\WebWS\WPress\LocalSites\piano-nam-dinh\app\public\wp-content\plugins\elementor\includes\base\controls-stack.php(480): Elementor\Controls_Stack->init_controls()
#11 E:\ProgramingWorkspace\WebWS\WPress\LocalSites\piano-nam-dinh\app\public\wp-content\plugins\elementor\includes\base\controls-stack.php(777): Elementor\Controls_Stack->get_stack()
#12 E:\ProgramingWorkspace\WebWS\WPress\LocalSites\piano-nam-dinh\app\public\wp-content\plugins\elementor\core\settings\manager.php(152): Elementor\Controls_Stack->get_tabs_controls()
#13 E:\ProgramingWorkspace\WebWS\WPress\LocalSites\piano-nam-dinh\app\public\wp-content\plugins\elementor\core\editor\editor.php(516): Elementor\Core\Settings\Manager::get_settings_managers_config()
#14 E:\ProgramingWorkspace\WebWS\WPress\LocalSites\piano-nam-dinh\app\public\wp-includes\class-wp-hook.php(324): Elementor\Core\Editor\Editor->enqueue_scripts('')
#15 E:\ProgramingWorkspace\WebWS\WPress\LocalSites\piano-nam-dinh\app\public\wp-includes\class-wp-hook.php(348): WP_Hook->apply_filters('', Array)
#16 E:\ProgramingWorkspace\WebWS\WPress\LocalSites\piano-nam-dinh\app\public\wp-includes\plugin.php(517): WP_Hook->do_action(Array)
#17 E:\ProgramingWorkspace\WebWS\WPress\LocalSites\piano-nam-dinh\app\public\wp-includes\script-loader.php(2299): do_action('wp_enqueue_scri...')
#18 E:\ProgramingWorkspace\WebWS\WPress\LocalSites\piano-nam-dinh\app\public\wp-includes\class-wp-hook.php(324): wp_enqueue_scripts('')
#19 E:\ProgramingWorkspace\WebWS\WPress\LocalSites\piano-nam-dinh\app\public\wp-includes\class-wp-hook.php(348): WP_Hook->apply_filters('', Array)
#20 E:\ProgramingWorkspace\WebWS\WPress\LocalSites\piano-nam-dinh\app\public\wp-includes\plugin.php(517): WP_Hook->do_action(Array)
#21 E:\ProgramingWorkspace\WebWS\WPress\LocalSites\piano-nam-dinh\app\public\wp-includes\general-template.php(3192): do_action('wp_head')
#22 E:\ProgramingWorkspace\WebWS\WPress\LocalSites\piano-nam-dinh\app\public\wp-content\plugins\elementor\includes\editor-templates\editor-wrapper.php(31): wp_head()
#23 E:\ProgramingWorkspace\WebWS\WPress\LocalSites\piano-nam-dinh\app\public\wp-content\plugins\elementor\core\editor\editor.php(323): include('E:\\ProgramingWo...')
#24 E:\ProgramingWorkspace\WebWS\WPress\LocalSites\piano-nam-dinh\app\public\wp-content\plugins\elementor\core\editor\editor.php(164): Elementor\Core\Editor\Editor->print_editor_template()
#25 E:\ProgramingWorkspace\WebWS\WPress\LocalSites\piano-nam-dinh\app\public\wp-includes\class-wp-hook.php(324): Elementor\Core\Editor\Editor->init('')
#26 E:\ProgramingWorkspace\WebWS\WPress\LocalSites\piano-nam-dinh\app\public\wp-includes\class-wp-hook.php(348): WP_Hook->apply_filters('', Array)
#27 E:\ProgramingWorkspace\WebWS\WPress\LocalSites\piano-nam-dinh\app\public\wp-includes\plugin.php(517): WP_Hook->do_action(Array)
#28 E:\ProgramingWorkspace\WebWS\WPress\LocalSites\piano-nam-dinh\app\public\wp-admin\admin.php(420): do_action('admin_action_el...')
#29 E:\ProgramingWorkspace\WebWS\WPress\LocalSites\piano-nam-dinh\app\public\wp-admin\post.php(12): require_once('E:\\ProgramingWo...')
#30 {main}
  thrown in E:\ProgramingWorkspace\WebWS\WPress\LocalSites\piano-nam-dinh\app\public\wp-content\themes\astra\inc\metabox\class-astra-elementor-editor-settings.php on line 509
[02-Oct-2025 02:26:51 UTC] Cron reschedule event error for hook: litespeed_task_lqip, Error code: invalid_schedule, Error message: Event schedule does not exist., Data: {"schedule":"litespeed_filter","args":[],"interval":60}
