[06-Oct-2025 16:08:01 UTC] 洫ｩ AJAX type = featured
[06-Oct-2025 16:08:01 UTC] 洫ｩ AJAX type = featured
[06-Oct-2025 16:08:02 UTC] 洫ｩ AJAX type = featured
[06-Oct-2025 16:08:02 UTC] 洫ｩ AJAX type = featured
[06-Oct-2025 16:08:02 UTC] 洫ｩ AJAX type = featured
[06-Oct-2025 16:08:02 UTC] 洫ｩ AJAX type = featured
[06-Oct-2025 16:08:02 UTC] Cron reschedule event error for hook: litespeed_task_lqip, Error code: could_not_set, Error message: The cron event list could not be saved., Data: {"schedule":"litespeed_filter","args":[],"interval":60}
[06-Oct-2025 16:08:03 UTC] 洫ｩ AJAX type = featured
[06-Oct-2025 16:08:03 UTC] 洫ｩ AJAX type = featured
[06-Oct-2025 16:08:03 UTC] 洫ｩ AJAX type = featured
[06-Oct-2025 16:10:52 UTC] 洫ｩ AJAX type = all
[06-Oct-2025 16:10:52 UTC] 洫ｩ AJAX type = all
[06-Oct-2025 16:10:52 UTC] 洫ｩ AJAX type = all
[06-Oct-2025 16:10:52 UTC] 洫ｩ AJAX type = all
[06-Oct-2025 16:10:52 UTC] 洫ｩ AJAX type = all
[06-Oct-2025 16:10:52 UTC] 洫ｩ AJAX type = all
[06-Oct-2025 16:10:52 UTC] 洫ｩ AJAX type = all
[06-Oct-2025 16:10:52 UTC] 洫ｩ AJAX type = all
[06-Oct-2025 16:10:52 UTC] 洫ｩ AJAX type = all
[06-Oct-2025 16:17:13 UTC] Array
(
    [title] => S蘯｣n ph蘯ｩm n盻品 b蘯ｭt
    [subtitle] => 
    [type] => featured
)

[06-Oct-2025 16:17:13 UTC] Array
(
    [title] => S蘯｣n ph蘯ｩm n盻品 b蘯ｭt
    [subtitle] => 
    [type] => featured
)

[06-Oct-2025 16:17:13 UTC] Array
(
    [title] => S蘯｣n ph蘯ｩm n盻品 b蘯ｭt
    [subtitle] => 
    [type] => featured
)

[06-Oct-2025 16:17:14 UTC] 洫ｩ AJAX type = featured
[06-Oct-2025 16:17:14 UTC] 洫ｩ AJAX type = featured
[06-Oct-2025 16:17:14 UTC] 洫ｩ AJAX type = featured
[06-Oct-2025 16:17:14 UTC] 洫ｩ AJAX type = featured
[06-Oct-2025 16:17:14 UTC] 洫ｩ AJAX type = featured
[06-Oct-2025 16:17:14 UTC] 洫ｩ AJAX type = featured
[06-Oct-2025 16:17:14 UTC] 洫ｩ AJAX type = featured
[06-Oct-2025 16:17:14 UTC] 洫ｩ AJAX type = featured
[06-Oct-2025 16:17:14 UTC] 洫ｩ AJAX type = featured
[06-Oct-2025 16:21:17 UTC] Array
(
    [title] => S蘯｣n ph蘯ｩm n盻品 b蘯ｭt
    [subtitle] => ﾄ脆ｰ盻｣c nhi盻「 khﾃ｡ch hﾃng yﾃｪu thﾃｭch
    [type] => featured
)

[06-Oct-2025 16:21:17 UTC] Array
(
    [title] => S蘯｣n ph蘯ｩm m盻嬖
    [subtitle] => V盻ｫa c蘯ｭp nh蘯ｭt g蘯ｧn ﾄ妥｢y
    [type] => new
)

[06-Oct-2025 16:21:17 UTC] Array
(
    [title] => S蘯｣n ph蘯ｩm bﾃ｡n ch蘯｡y
    [subtitle] => Bﾃ｡n nhi盻「 nh蘯･t tu蘯ｧn nﾃy
    [type] => best_selling
)

[06-Oct-2025 16:21:18 UTC] 洫ｩ AJAX type = new
[06-Oct-2025 16:21:18 UTC] 洫ｩ AJAX type = featured
[06-Oct-2025 16:21:18 UTC] 洫ｩ AJAX type = featured
[06-Oct-2025 16:21:18 UTC] 洫ｩ AJAX type = best_selling
[06-Oct-2025 16:21:18 UTC] 洫ｩ AJAX type = new
[06-Oct-2025 16:21:18 UTC] 洫ｩ AJAX type = best_selling
[06-Oct-2025 16:21:18 UTC] 洫ｩ AJAX type = new
[06-Oct-2025 16:21:18 UTC] 洫ｩ AJAX type = featured
[06-Oct-2025 16:21:18 UTC] 洫ｩ AJAX type = best_selling
[06-Oct-2025 16:21:53 UTC] 洫ｩ AJAX type = featured
[06-Oct-2025 16:21:53 UTC] 洫ｩ AJAX type = featured
[06-Oct-2025 16:21:54 UTC] 洫ｩ AJAX type = featured
[06-Oct-2025 16:22:04 UTC] 洫ｩ AJAX type = featured
[06-Oct-2025 16:22:04 UTC] 洫ｩ AJAX type = featured
[06-Oct-2025 16:22:04 UTC] 洫ｩ AJAX type = featured
[06-Oct-2025 16:22:30 UTC] 洫ｩ AJAX type = featured
[06-Oct-2025 16:22:30 UTC] 洫ｩ AJAX type = featured
[06-Oct-2025 16:22:30 UTC] 洫ｩ AJAX type = featured
[06-Oct-2025 16:22:39 UTC] 洫ｩ AJAX type = featured
[06-Oct-2025 16:22:39 UTC] 洫ｩ AJAX type = featured
[06-Oct-2025 16:22:39 UTC] 洫ｩ AJAX type = featured
[06-Oct-2025 16:22:45 UTC] 洫ｩ AJAX type = featured
[06-Oct-2025 16:22:45 UTC] 洫ｩ AJAX type = featured
[06-Oct-2025 16:22:45 UTC] 洫ｩ AJAX type = featured
[06-Oct-2025 16:26:13 UTC] Array
(
    [title] => S蘯｣n ph蘯ｩm n盻品 b蘯ｭt
    [subtitle] => ﾄ脆ｰ盻｣c nhi盻「 khﾃ｡ch hﾃng yﾃｪu thﾃｭch
    [type] => featured
)

[06-Oct-2025 16:26:13 UTC] Array
(
    [title] => S蘯｣n ph蘯ｩm m盻嬖
    [subtitle] => V盻ｫa c蘯ｭp nh蘯ｭt g蘯ｧn ﾄ妥｢y
    [type] => new
)

[06-Oct-2025 16:26:13 UTC] Array
(
    [title] => S蘯｣n ph蘯ｩm bﾃ｡n ch蘯｡y
    [subtitle] => Bﾃ｡n nhi盻「 nh蘯･t tu蘯ｧn nﾃy
    [type] => best_selling
)

[06-Oct-2025 16:26:14 UTC] 洫ｩ AJAX type = featured
[06-Oct-2025 16:26:14 UTC] 洫ｩ AJAX type = new
[06-Oct-2025 16:26:14 UTC] 洫ｩ AJAX type = best_selling
[06-Oct-2025 16:26:14 UTC] 洫ｩ AJAX type = featured
[06-Oct-2025 16:26:14 UTC] 洫ｩ AJAX type = new
[06-Oct-2025 16:26:14 UTC] 洫ｩ AJAX type = best_selling
[06-Oct-2025 16:26:15 UTC] 洫ｩ AJAX type = featured
[06-Oct-2025 16:26:15 UTC] 洫ｩ AJAX type = new
[06-Oct-2025 16:26:15 UTC] 洫ｩ AJAX type = best_selling
[06-Oct-2025 16:27:38 UTC] Array
(
    [title] => S蘯｣n ph蘯ｩm n盻品 b蘯ｭt
    [subtitle] => ﾄ脆ｰ盻｣c nhi盻「 khﾃ｡ch hﾃng yﾃｪu thﾃｭch
    [type] => featured
)

[06-Oct-2025 16:27:38 UTC] Array
(
    [title] => S蘯｣n ph蘯ｩm m盻嬖
    [subtitle] => V盻ｫa c蘯ｭp nh蘯ｭt g蘯ｧn ﾄ妥｢y
    [type] => new
)

[06-Oct-2025 16:27:38 UTC] Array
(
    [title] => S蘯｣n ph蘯ｩm bﾃ｡n ch蘯｡y
    [subtitle] => Bﾃ｡n nhi盻「 nh蘯･t tu蘯ｧn nﾃy
    [type] => best_selling
)

[06-Oct-2025 16:27:39 UTC] 洫ｩ AJAX type = featured
[06-Oct-2025 16:27:39 UTC] 洫ｩ AJAX type = new
[06-Oct-2025 16:27:39 UTC] 洫ｩ AJAX type = best_selling
[06-Oct-2025 16:27:39 UTC] 洫ｩ AJAX type = featured
[06-Oct-2025 16:27:39 UTC] 洫ｩ AJAX type = new
[06-Oct-2025 16:27:39 UTC] 洫ｩ AJAX type = best_selling
[06-Oct-2025 16:27:39 UTC] 洫ｩ AJAX type = featured
[06-Oct-2025 16:27:39 UTC] 洫ｩ AJAX type = new
[06-Oct-2025 16:27:40 UTC] 洫ｩ AJAX type = best_selling
[06-Oct-2025 16:47:05 UTC] Array
(
    [title] => S蘯｣n ph蘯ｩm n盻品 b蘯ｭt
    [subtitle] => ﾄ脆ｰ盻｣c nhi盻「 khﾃ｡ch hﾃng yﾃｪu thﾃｭch
    [type] => featured
)

[06-Oct-2025 16:47:05 UTC] Array
(
    [title] => S蘯｣n ph蘯ｩm m盻嬖
    [subtitle] => V盻ｫa c蘯ｭp nh蘯ｭt g蘯ｧn ﾄ妥｢y
    [type] => new
)

[06-Oct-2025 16:47:05 UTC] Array
(
    [title] => S蘯｣n ph蘯ｩm bﾃ｡n ch蘯｡y
    [subtitle] => Bﾃ｡n nhi盻「 nh蘯･t tu蘯ｧn nﾃy
    [type] => best_selling
)

[06-Oct-2025 16:47:05 UTC] 洫ｩ AJAX type = featured
[06-Oct-2025 16:47:05 UTC] 洫ｩ AJAX type = new
[06-Oct-2025 16:47:06 UTC] 洫ｩ AJAX type = best_selling
[06-Oct-2025 16:47:06 UTC] 洫ｩ AJAX type = featured
[06-Oct-2025 16:47:06 UTC] 洫ｩ AJAX type = new
[06-Oct-2025 16:47:06 UTC] 洫ｩ AJAX type = best_selling
[06-Oct-2025 16:47:06 UTC] 洫ｩ AJAX type = featured
[06-Oct-2025 16:47:06 UTC] 洫ｩ AJAX type = new
[06-Oct-2025 16:47:06 UTC] 洫ｩ AJAX type = best_selling
